TN:
SF:src/TrustedForwarder.sol
FN:43,TrustedForwarder.__TrustedForwarder_init
FNDA:2141,TrustedForwarder.__TrustedForwarder_init
DA:44,1885
BRDA:44,0,0,1
BRDA:44,0,1,1884
DA:45,1
DA:47,1884
BRDA:47,1,0,1843
BRDA:47,1,1,1884
DA:48,1843
DA:50,1884
FN:66,TrustedForwarder.forwardCall
FNDA:2825,TrustedForwarder.forwardCall
DA:71,2825
DA:72,2825
BRDA:72,2,0,1
BRDA:72,2,1,2824
DA:73,1
DA:76,2824
DA:81,2824
DA:86,2824
BRDA:86,3,0,512
DA:91,2312
BRDA:91,4,0,512
DA:92,1282
BRDA:92,5,0,512
FN:116,TrustedForwarder.forwardCall
FNDA:4608,TrustedForwarder.forwardCall
DA:121,4608
DA:122,4608
BRDA:122,6,0,-
BRDA:122,6,1,4352
DA:124,4352
BRDA:123,7,0,-
BRDA:123,7,1,4352
DA:133,0
DA:137,4608
DA:142,4608
DA:147,4608
BRDA:147,8,0,512
DA:152,4096
BRDA:152,9,0,-
DA:153,1280
BRDA:153,10,0,-
FN:168,TrustedForwarder.updateSigner
FNDA:4353,TrustedForwarder.updateSigner
DA:169,4097
BRDA:169,11,0,-
BRDA:169,11,1,4097
DA:170,0
DA:172,4097
FN:180,TrustedForwarder.domainSeparatorV4
FNDA:4352,TrustedForwarder.domainSeparatorV4
DA:181,4352
FN:185,TrustedForwarder._encodeERC2771Context
FNDA:7432,TrustedForwarder._encodeERC2771Context
DA:191,7432
FN:217,TrustedForwarder._ecdsaRecover
FNDA:4352,TrustedForwarder._ecdsaRecover
DA:218,4352
BRDA:218,12,0,-
BRDA:218,12,1,4352
DA:219,0
DA:222,4352
DA:223,4352
BRDA:223,13,0,-
BRDA:223,13,1,4352
DA:224,0
FNF:7
FNH:7
LF:32
LH:28
BRF:22
BRH:15
end_of_record
TN:
SF:src/TrustedForwarderERC2771Context.sol
FN:28,TrustedForwarderERC2771Context.isTrustedForwarder
FNDA:0,TrustedForwarderERC2771Context.isTrustedForwarder
DA:29,0
FN:32,TrustedForwarderERC2771Context._msgSender
FNDA:4608,TrustedForwarderERC2771Context._msgSender
DA:33,4608
BRDA:33,0,0,4608
BRDA:33,0,1,-
DA:34,4608
BRDA:34,1,0,4608
BRDA:34,1,1,-
DA:38,4608
DA:41,0
DA:44,0
FN:48,TrustedForwarderERC2771Context._msgData
FNDA:2818,TrustedForwarderERC2771Context._msgData
DA:49,2818
BRDA:49,2,0,1794
BRDA:49,2,1,1794
DA:53,1794
DA:54,1794
DA:57,1794
BRDA:57,3,0,1794
DA:58,1794
DA:62,1024
FNF:3
FNH:2
LF:12
LH:9
BRF:7
BRH:5
end_of_record
TN:
SF:src/TrustedForwarderFactory.sol
FN:31,TrustedForwarderFactory.isTrustedForwarder
FNDA:7938,TrustedForwarderFactory.isTrustedForwarder
DA:32,7938
FN:48,TrustedForwarderFactory.cloneTrustedForwarder
FNDA:2091,TrustedForwarderFactory.cloneTrustedForwarder
DA:49,2091
DA:51,1835
DA:52,1835
BRDA:52,0,0,1
BRDA:52,0,1,1834
DA:53,1
DA:55,1834
DA:57,1834
FNF:2
FNH:2
LF:7
LH:7
BRF:2
BRH:2
end_of_record
TN:
SF:test/TestBase.t.sol
FN:33,BaseTest.setUp
FNDA:0,BaseTest.setUp
DA:34,0
DA:35,0
DA:36,0
DA:37,0
DA:38,0
FN:41,BaseTest.assumeAddressNotBadAddress
FNDA:0,BaseTest.assumeAddressNotBadAddress
DA:42,0
FNF:2
FNH:0
LF:6
LH:0
BRF:0
BRH:0
end_of_record
TN:
SF:test/mocks/MockReceiverContract.sol
FN:23,MockReceiverContract.findTheSenderWithRevert
FNDA:1024,MockReceiverContract.findTheSenderWithRevert
DA:24,1024
DA:25,1024
DA:26,1024
DA:27,1024
BRDA:27,0,0,512
BRDA:27,0,1,512
DA:28,512
FN:32,MockReceiverContract.findTheSenderWithRevert_Payable
FNDA:512,MockReceiverContract.findTheSenderWithRevert_Payable
DA:33,512
DA:34,512
DA:35,512
DA:36,512
BRDA:36,1,0,512
BRDA:36,1,1,-
DA:37,512
FN:41,MockReceiverContract.findTheSenderWithReturnValue
FNDA:512,MockReceiverContract.findTheSenderWithReturnValue
DA:42,512
FN:45,MockReceiverContract.findTheSenderWithReturnValue_Payable
FNDA:512,MockReceiverContract.findTheSenderWithReturnValue_Payable
DA:46,512
DA:47,512
DA:48,512
DA:49,512
FN:52,MockReceiverContract.getTheData
FNDA:1280,MockReceiverContract.getTheData
DA:53,1280
FN:56,MockReceiverContract.getTheData_Payable
FNDA:1024,MockReceiverContract.getTheData_Payable
DA:57,1024
FN:60,MockReceiverContract.getSomeLargeData
FNDA:257,MockReceiverContract.getSomeLargeData
DA:61,257
DA:62,257
FN:65,MockReceiverContract.getSomeLargeData_Payable
FNDA:257,MockReceiverContract.getSomeLargeData_Payable
DA:66,257
DA:67,257
FN:70,MockReceiverContract.getTheDataBytesReturn
FNDA:257,MockReceiverContract.getTheDataBytesReturn
DA:71,257
FN:74,MockReceiverContract.getTheDataBytesReturn_Payable
FNDA:257,MockReceiverContract.getTheDataBytesReturn_Payable
DA:75,257
FN:78,MockReceiverContract.getMultipleValuesReturned
FNDA:257,MockReceiverContract.getMultipleValuesReturned
DA:79,257
FN:82,MockReceiverContract.getMultipleValuesReturned_Payable
FNDA:257,MockReceiverContract.getMultipleValuesReturned_Payable
DA:83,257
FN:86,MockReceiverContract.noReturnData
FNDA:257,MockReceiverContract.noReturnData
DA:87,0
FN:90,MockReceiverContract.noReturnData_Payable
FNDA:257,MockReceiverContract.noReturnData_Payable
DA:91,0
FN:94,MockReceiverContract.storeTheData
FNDA:512,MockReceiverContract.storeTheData
DA:95,512
DA:96,512
DA:97,512
DA:98,512
FN:101,MockReceiverContract.storeTheData_Payable
FNDA:512,MockReceiverContract.storeTheData_Payable
DA:102,512
DA:103,512
DA:104,512
DA:105,512
FNF:16
FNH:16
LF:35
LH:33
BRF:4
BRH:3
end_of_record
